\BOOKMARK [1][]{label:title.1}{Title}{}% 1
\BOOKMARK [1][]{label:toc.1}{Table of Contents}{}% 2
\BOOKMARK [1][]{label:lof.1}{List of Figures}{}% 3
\BOOKMARK [1][]{label:lot.1}{List of Tables}{}% 4
\BOOKMARK [0][]{chapter.1}{1 Introduction}{}% 5
\BOOKMARK [1][]{section.1.1}{1.1 Motivation}{chapter.1}% 6
\BOOKMARK [1][]{section.1.2}{1.2 Idea}{chapter.1}% 7
\BOOKMARK [0][]{chapter.2}{2 Basics}{}% 8
\BOOKMARK [1][]{section.2.1}{2.1 Python}{chapter.2}% 9
\BOOKMARK [1][]{section.2.2}{2.2 JUCE framework and C++}{chapter.2}% 10
\BOOKMARK [1][]{section.2.3}{2.3 Test environment}{chapter.2}% 11
\BOOKMARK [1][]{section.2.4}{2.4 Sources}{chapter.2}% 12
\BOOKMARK [0][]{chapter.3}{3 Prototype}{}% 13
\BOOKMARK [1][]{section.3.1}{3.1 Overview}{chapter.3}% 14
\BOOKMARK [1][]{section.3.2}{3.2 Filter}{chapter.3}% 15
\BOOKMARK [1][]{section.3.3}{3.3 RMS}{chapter.3}% 16
\BOOKMARK [1][]{section.3.4}{3.4 Time Coefficients}{chapter.3}% 17
\BOOKMARK [1][]{section.3.5}{3.5 Gate}{chapter.3}% 18
\BOOKMARK [1][]{section.3.6}{3.6 Gain}{chapter.3}% 19
\BOOKMARK [1][]{section.3.7}{3.7 Lookahead}{chapter.3}% 20
\BOOKMARK [0][]{chapter.4}{4 Evaluation}{}% 21
\BOOKMARK [0][]{chapter.5}{5 Results}{}% 22
\BOOKMARK [0][]{chapter.6}{6 Discussion}{}% 23
\BOOKMARK [0][]{chapter.7}{7 Conclusion and Future Work}{}% 24
\BOOKMARK [0][]{section*.5}{Bibliography}{}% 25
\BOOKMARK [0][]{section*.6}{Index}{}% 26
