\BOOKMARK [1][]{label:title.1}{Title}{}% 1
\BOOKMARK [1][]{label:abst.1}{Abstract}{}% 2
\BOOKMARK [1][]{label:abstGER.1}{Zusammenfassung}{}% 3
\BOOKMARK [1][]{label:toc.1}{Table of Contents}{}% 4
\BOOKMARK [1][]{label:lof.1}{List of Figures}{}% 5
\BOOKMARK [1][]{label:lot.1}{List of Tables}{}% 6
\BOOKMARK [0][]{chapter.1}{1 Introduction}{}% 7
\BOOKMARK [1][]{section.1.1}{1.1 Previous Work}{chapter.1}% 8
\BOOKMARK [1][]{section.1.2}{1.2 Basic Voice Conversion Framework}{chapter.1}% 9
\BOOKMARK [1][]{section.1.3}{1.3 Outline of the Proposed Approaches}{chapter.1}% 10
\BOOKMARK [0][]{chapter.2}{2 Background}{}% 11
\BOOKMARK [1][]{section.2.1}{2.1 WORLD Vocoder}{chapter.2}% 12
\BOOKMARK [2][]{subsection.2.1.1}{2.1.1 Estimating the Fundamental Frequency F0: DIO}{section.2.1}% 13
\BOOKMARK [2][]{subsection.2.1.2}{2.1.2 Estimating the Spectral Envelope: CheapTrick}{section.2.1}% 14
\BOOKMARK [2][]{subsection.2.1.3}{2.1.3 Estimating the Aperiodicity: D4C}{section.2.1}% 15
\BOOKMARK [2][]{subsection.2.1.4}{2.1.4 Synthesizing Speech}{section.2.1}% 16
\BOOKMARK [1][]{section.2.2}{2.2 Gaussian Mixture Models}{chapter.2}% 17
\BOOKMARK [1][]{section.2.3}{2.3 Generative Adversarial Networks}{chapter.2}% 18
\BOOKMARK [2][]{subsection.2.3.1}{2.3.1 GANs Combined with Supervised Learning}{section.2.3}% 19
\BOOKMARK [1][]{section.2.4}{2.4 Vocal Tract Length Normalization}{chapter.2}% 20
\BOOKMARK [0][]{chapter.3}{3 Approaches}{}% 21
\BOOKMARK [1][]{section.3.1}{3.1 Transforming the Fundamental Frequency F0}{chapter.3}% 22
\BOOKMARK [1][]{section.3.2}{3.2 Transforming the Spectral Envelope}{chapter.3}% 23
\BOOKMARK [2][]{subsection.3.2.1}{3.2.1 Vocal Tract Length Normalization}{section.3.2}% 24
\BOOKMARK [2][]{subsection.3.2.2}{3.2.2 Gaussian Mixture Model, Deep Neural Network, Generative Adversarial Network}{section.3.2}% 25
\BOOKMARK [1][]{section.3.3}{3.3 Transforming the Aperiodicity}{chapter.3}% 26
\BOOKMARK [0][]{chapter.4}{4 Evaluation}{}% 27
\BOOKMARK [1][]{section.4.1}{4.1 Data}{chapter.4}% 28
\BOOKMARK [1][]{section.4.2}{4.2 Baseline and Reference Systems}{chapter.4}% 29
\BOOKMARK [2][]{subsection.4.2.1}{4.2.1 Baseline System}{section.4.2}% 30
\BOOKMARK [2][]{subsection.4.2.2}{4.2.2 System F}{section.4.2}% 31
\BOOKMARK [1][]{section.4.3}{4.3 Listening Tests}{chapter.4}% 32
\BOOKMARK [2][]{subsection.4.3.1}{4.3.1 Naturalness}{section.4.3}% 33
\BOOKMARK [2][]{subsection.4.3.2}{4.3.2 Similarity}{section.4.3}% 34
\BOOKMARK [2][]{subsection.4.3.3}{4.3.3 Implementation}{section.4.3}% 35
\BOOKMARK [0][]{chapter.5}{5 Results}{}% 36
\BOOKMARK [1][]{section.5.1}{5.1 Statistical Tests}{chapter.5}% 37
\BOOKMARK [2][]{subsection.5.1.1}{5.1.1 Wilcoxon Signed-Rank Test}{section.5.1}% 38
\BOOKMARK [2][]{subsection.5.1.2}{5.1.2 Bonferroni Correction}{section.5.1}% 39
\BOOKMARK [1][]{section.5.2}{5.2 Naturalness}{chapter.5}% 40
\BOOKMARK [1][]{section.5.3}{5.3 Similarity}{chapter.5}% 41
\BOOKMARK [1][]{section.5.4}{5.4 Combining Naturalness and Similarity}{chapter.5}% 42
\BOOKMARK [0][]{chapter.6}{6 Discussion}{}% 43
\BOOKMARK [0][]{chapter.7}{7 Conclusion and Future Work}{}% 44
\BOOKMARK [0][]{section*.27}{Bibliography}{}% 45
\BOOKMARK [0][]{section*.29}{Index}{}% 46
